<?xml version='1.0' encoding='utf-8'?>
<testsuites name="PyShaft Test Suite" tests="1" failures="1" errors="0" skipped="0" time="0.322">
  <testsuite name="PyShaft Test Suite" tests="1" failures="1" errors="0" skipped="0" time="0.322">
    <testcase name="test_Delete_importer_exporter" classname="tests/examples/SZ/Harbour/importer-exporter/importer.py::test_Delete_importer_exporter" time="0.322">
      <failure message="API Status Mismatch&#10;Expected: 200&#10;Actual:   404&#10;Body:     {&quot;message&quot;:&quot;ImporterExporterData not found: 158&quot;,&quot;status&quot;:404,&quot;timestamp&quot;:&quot;2026-05-03 14:05:57&quot;}">Traceback (most recent call last):
  File "D:\automation\me\pyshaft\.venv\Lib\site-packages\_pytest\runner.py", line 353, in from_call
    result: TResult | None = func()
                             ~~~~^^
  File "D:\automation\me\pyshaft\.venv\Lib\site-packages\_pytest\runner.py", line 245, in &lt;lambda&gt;
    lambda: runtest_hook(item=item, **kwds),
            ~~~~~~~~~~~~^^^^^^^^^^^^^^^^^^^
  File "D:\automation\me\pyshaft\.venv\Lib\site-packages\pluggy\_hooks.py", line 512, in __call__
    return self._hookexec(self.name, self._hookimpls.copy(), kwargs, firstresult)
           ~~~~~~~~~~~~~~^^^^^^^^^^^^^^^^^^^^^^^^^^^^^^^^^^^^^^^^^^^^^^^^^^^^^^^^
  File "D:\automation\me\pyshaft\.venv\Lib\site-packages\pluggy\_manager.py", line 120, in _hookexec
    return self._inner_hookexec(hook_name, methods, kwargs, firstresult)
           ~~~~~~~~~~~~~~~~~~~~^^^^^^^^^^^^^^^^^^^^^^^^^^^^^^^^^^^^^^^^^
  File "D:\automation\me\pyshaft\.venv\Lib\site-packages\pluggy\_callers.py", line 167, in _multicall
    raise exception
  File "D:\automation\me\pyshaft\.venv\Lib\site-packages\pluggy\_callers.py", line 139, in _multicall
    teardown.throw(exception)
    ~~~~~~~~~~~~~~^^^^^^^^^^^
  File "D:\automation\me\pyshaft\.venv\Lib\site-packages\_pytest\logging.py", line 850, in pytest_runtest_call
    yield
  File "D:\automation\me\pyshaft\.venv\Lib\site-packages\pluggy\_callers.py", line 139, in _multicall
    teardown.throw(exception)
    ~~~~~~~~~~~~~~^^^^^^^^^^^
  File "D:\automation\me\pyshaft\.venv\Lib\site-packages\_pytest\capture.py", line 900, in pytest_runtest_call
    return (yield)
            ^^^^^
  File "D:\automation\me\pyshaft\.venv\Lib\site-packages\pluggy\_callers.py", line 139, in _multicall
    teardown.throw(exception)
    ~~~~~~~~~~~~~~^^^^^^^^^^^
  File "D:\automation\me\pyshaft\.venv\Lib\site-packages\_pytest\skipping.py", line 268, in pytest_runtest_call
    return (yield)
            ^^^^^
  File "D:\automation\me\pyshaft\.venv\Lib\site-packages\pluggy\_callers.py", line 121, in _multicall
    res = hook_impl.function(*args)
  File "D:\automation\me\pyshaft\.venv\Lib\site-packages\_pytest\runner.py", line 179, in pytest_runtest_call
    item.runtest()
    ~~~~~~~~~~~~^^
  File "D:\automation\me\pyshaft\.venv\Lib\site-packages\_pytest\python.py", line 1720, in runtest
    self.ihook.pytest_pyfunc_call(pyfuncitem=self)
    ~~~~~~~~~~~~~~~~~~~~~~~~~~~~~^^^^^^^^^^^^^^^^^
  File "D:\automation\me\pyshaft\.venv\Lib\site-packages\pluggy\_hooks.py", line 512, in __call__
    return self._hookexec(self.name, self._hookimpls.copy(), kwargs, firstresult)
           ~~~~~~~~~~~~~~^^^^^^^^^^^^^^^^^^^^^^^^^^^^^^^^^^^^^^^^^^^^^^^^^^^^^^^^
  File "D:\automation\me\pyshaft\.venv\Lib\site-packages\pluggy\_manager.py", line 120, in _hookexec
    return self._inner_hookexec(hook_name, methods, kwargs, firstresult)
           ~~~~~~~~~~~~~~~~~~~~^^^^^^^^^^^^^^^^^^^^^^^^^^^^^^^^^^^^^^^^^
  File "D:\automation\me\pyshaft\.venv\Lib\site-packages\pluggy\_callers.py", line 167, in _multicall
    raise exception
  File "D:\automation\me\pyshaft\.venv\Lib\site-packages\pluggy\_callers.py", line 121, in _multicall
    res = hook_impl.function(*args)
  File "D:\automation\me\pyshaft\.venv\Lib\site-packages\_pytest\python.py", line 166, in pytest_pyfunc_call
    result = testfunction(**testargs)
  File "D:\automation\me\pyshaft\tests\examples\SZ\Harbour\importer-exporter\importer.py", line 66, in test_Delete_importer_exporter
    .assert_status(200)
     ~~~~~~~~~~~~~^^^^^
  File "D:\automation\me\pyshaft\pyshaft\api\__init__.py", line 93, in assert_status
    self._get_builder().assert_status(expected)
    ~~~~~~~~~~~~~~~~~~~~~~~~~~~~~~~~~^^^^^^^^^^
  File "D:\automation\me\pyshaft\pyshaft\api\builder.py", line 259, in assert_status
    self._ensure_performed().assert_status(expected)
    ~~~~~~~~~~~~~~~~~~~~~~~~~~~~~~~~~~~~~~^^^^^^^^^^
  File "D:\automation\me\pyshaft\pyshaft\api\response.py", line 28, in assert_status
    raise AssertionError(
    ...&lt;4 lines&gt;...
    )
AssertionError: API Status Mismatch
Expected: 200
Actual:   404
Body:     {"message":"ImporterExporterData not found: 158","status":404,"timestamp":"2026-05-03 14:05:57"}
</failure>
    </testcase>
  </testsuite>
</testsuites>