<?xml version='1.0' encoding='utf-8'?>
<testsuites name="PyShaft Test Suite" tests="1" failures="1" errors="0" skipped="0" time="0.294">
  <testsuite name="PyShaft Test Suite" tests="1" failures="1" errors="0" skipped="0" time="0.294">
    <testcase name="test_Get_All_Importer_Exporter" classname="tests/examples/SZ/Harbour/importer-exporter/importer.py::test_Get_All_Importer_Exporter" time="0.294">
      <failure message="No matches found for path: '$.data.id'">Traceback (most recent call last):
  File "D:\automation\me\pyshaft\.venv\Lib\site-packages\_pytest\runner.py", line 353, in from_call
    result: TResult | None = func()
                             ~~~~^^
  File "D:\automation\me\pyshaft\.venv\Lib\site-packages\_pytest\runner.py", line 245, in &lt;lambda&gt;
    lambda: runtest_hook(item=item, **kwds),
            ~~~~~~~~~~~~^^^^^^^^^^^^^^^^^^^
  File "D:\automation\me\pyshaft\.venv\Lib\site-packages\pluggy\_hooks.py", line 512, in __call__
    return self._hookexec(self.name, self._hookimpls.copy(), kwargs, firstresult)
           ~~~~~~~~~~~~~~^^^^^^^^^^^^^^^^^^^^^^^^^^^^^^^^^^^^^^^^^^^^^^^^^^^^^^^^
  File "D:\automation\me\pyshaft\.venv\Lib\site-packages\pluggy\_manager.py", line 120, in _hookexec
    return self._inner_hookexec(hook_name, methods, kwargs, firstresult)
           ~~~~~~~~~~~~~~~~~~~~^^^^^^^^^^^^^^^^^^^^^^^^^^^^^^^^^^^^^^^^^
  File "D:\automation\me\pyshaft\.venv\Lib\site-packages\pluggy\_callers.py", line 167, in _multicall
    raise exception
  File "D:\automation\me\pyshaft\.venv\Lib\site-packages\pluggy\_callers.py", line 139, in _multicall
    teardown.throw(exception)
    ~~~~~~~~~~~~~~^^^^^^^^^^^
  File "D:\automation\me\pyshaft\.venv\Lib\site-packages\_pytest\logging.py", line 850, in pytest_runtest_call
    yield
  File "D:\automation\me\pyshaft\.venv\Lib\site-packages\pluggy\_callers.py", line 139, in _multicall
    teardown.throw(exception)
    ~~~~~~~~~~~~~~^^^^^^^^^^^
  File "D:\automation\me\pyshaft\.venv\Lib\site-packages\_pytest\capture.py", line 900, in pytest_runtest_call
    return (yield)
            ^^^^^
  File "D:\automation\me\pyshaft\.venv\Lib\site-packages\pluggy\_callers.py", line 139, in _multicall
    teardown.throw(exception)
    ~~~~~~~~~~~~~~^^^^^^^^^^^
  File "D:\automation\me\pyshaft\.venv\Lib\site-packages\_pytest\skipping.py", line 268, in pytest_runtest_call
    return (yield)
            ^^^^^
  File "D:\automation\me\pyshaft\.venv\Lib\site-packages\pluggy\_callers.py", line 121, in _multicall
    res = hook_impl.function(*args)
  File "D:\automation\me\pyshaft\.venv\Lib\site-packages\_pytest\runner.py", line 179, in pytest_runtest_call
    item.runtest()
    ~~~~~~~~~~~~^^
  File "D:\automation\me\pyshaft\.venv\Lib\site-packages\_pytest\python.py", line 1720, in runtest
    self.ihook.pytest_pyfunc_call(pyfuncitem=self)
    ~~~~~~~~~~~~~~~~~~~~~~~~~~~~~^^^^^^^^^^^^^^^^^
  File "D:\automation\me\pyshaft\.venv\Lib\site-packages\pluggy\_hooks.py", line 512, in __call__
    return self._hookexec(self.name, self._hookimpls.copy(), kwargs, firstresult)
           ~~~~~~~~~~~~~~^^^^^^^^^^^^^^^^^^^^^^^^^^^^^^^^^^^^^^^^^^^^^^^^^^^^^^^^
  File "D:\automation\me\pyshaft\.venv\Lib\site-packages\pluggy\_manager.py", line 120, in _hookexec
    return self._inner_hookexec(hook_name, methods, kwargs, firstresult)
           ~~~~~~~~~~~~~~~~~~~~^^^^^^^^^^^^^^^^^^^^^^^^^^^^^^^^^^^^^^^^^
  File "D:\automation\me\pyshaft\.venv\Lib\site-packages\pluggy\_callers.py", line 167, in _multicall
    raise exception
  File "D:\automation\me\pyshaft\.venv\Lib\site-packages\pluggy\_callers.py", line 121, in _multicall
    res = hook_impl.function(*args)
  File "D:\automation\me\pyshaft\.venv\Lib\site-packages\_pytest\python.py", line 166, in pytest_pyfunc_call
    result = testfunction(**testargs)
  File "D:\automation\me\pyshaft\tests\examples\SZ\Harbour\importer-exporter\importer.py", line 56, in test_Get_All_Importer_Exporter
    .assert_json_contains("$.data.id", importer_exporter_id)
     ~~~~~~~~~~~~~~~~~~~~^^^^^^^^^^^^^^^^^^^^^^^^^^^^^^^^^^^
  File "D:\automation\me\pyshaft\pyshaft\api\__init__.py", line 108, in assert_json_contains
    self._get_builder().assert_json_contains(path, expected)
    ~~~~~~~~~~~~~~~~~~~~~~~~~~~~~~~~~~~~~~~~^^^^^^^^^^^^^^^^
  File "D:\automation\me\pyshaft\pyshaft\api\builder.py", line 270, in assert_json_contains
    self._ensure_performed().assert_json_contains(path, expected)
    ~~~~~~~~~~~~~~~~~~~~~~~~~~~~~~~~~~~~~~~~~~~~~^^^^^^^^^^^^^^^^
  File "D:\automation\me\pyshaft\pyshaft\api\response.py", line 54, in assert_json_contains
    return self.assert_json_path(path).should_contain(expected)
           ~~~~~~~~~~~~~~~~~~~~~~~~~~~~~~~~~~~~~~~~~~^^^^^^^^^^
  File "D:\automation\me\pyshaft\pyshaft\api\response.py", line 528, in should_contain
    raise AssertionError(f"No matches found for path: {self._path!r}")
AssertionError: No matches found for path: '$.data.id'
</failure>
    </testcase>
  </testsuite>
</testsuites>